<?xml version="1.0" encoding="UTF-8"?>
<testsuite name="WordTest" tests="9" skipped="0" failures="0" errors="0" timestamp="2015-08-23T19:32:44" hostname="Ashleys-MacBook-Pro.local" time="0.015">
  <properties/>
  <testcase name="find_returnsWordWithSameId_secondWord" classname="WordTest" time="0.001"/>
  <testcase name="Word_instantiatesWithName_true" classname="WordTest" time="0.001"/>
  <testcase name="Word_instantiatesCorrectly_true" classname="WordTest" time="0.0"/>
  <testcase name="clear_emptiesAllWordsFromArrayList" classname="WordTest" time="0.001"/>
  <testcase name="newId_WordInstantiateWithAnID_true" classname="WordTest" time="0.001"/>
  <testcase name="getDefinitions_initiallyReturnsEmptyArrayList" classname="WordTest" time="0.001"/>
  <testcase name="find_returnsNullWhenNoWordFound_null" classname="WordTest" time="0.001"/>
  <testcase name="all_returnsAllInstancesOfWord_true" classname="WordTest" time="0.0"/>
  <testcase name="addDefinition_addsDefinitionToWord" classname="WordTest" time="0.001"/>
  <system-out><![CDATA[]]></system-out>
  <system-err><![CDATA[]]></system-err>
</testsuite>
