<?xml version="1.0" encoding="UTF-8"?>
<testsuite name="AppIntegrationTest" tests="3" skipped="0" failures="0" errors="0" timestamp="2015-08-23T19:32:43" hostname="Ashleys-MacBook-Pro.local" time="1.238">
  <properties/>
  <testcase name="wordIsAddedTest" classname="AppIntegrationTest" time="1.104"/>
  <testcase name="definitionIsAddedToWordTest" classname="AppIntegrationTest" time="0.085"/>
  <testcase name="rootTest" classname="AppIntegrationTest" time="0.03"/>
  <system-out><![CDATA[]]></system-out>
  <system-err><![CDATA[[Thread-4] INFO spark.webserver.SparkServer - == Spark has ignited ...
[Thread-4] INFO spark.webserver.SparkServer - >> Listening on 0.0.0.0:4567
[Thread-4] INFO org.eclipse.jetty.server.Server - jetty-9.0.2.v20130417
[Thread-4] INFO org.eclipse.jetty.server.ServerConnector - Started ServerConnector@5a2d5ea1{HTTP/1.1}{0.0.0.0:4567}
[Test worker] INFO spark.webserver.SparkServer - >>> Spark shutting down ...
[Test worker] INFO org.eclipse.jetty.server.Server - Graceful shutdown org.eclipse.jetty.server.Server@7bf90444 by 
[Test worker] INFO org.eclipse.jetty.server.ServerConnector - Stopped ServerConnector@5a2d5ea1{HTTP/1.1}{0.0.0.0:4567}
[Test worker] INFO spark.webserver.SparkServer - done
]]></system-err>
</testsuite>
